<?xml version="1.0" encoding="UTF-8"?>
<testsuite name="Automation"
           tests="3"
           failures="0"
           errors="0"
           skipped="0"
           time="34,454">
    <properties></properties>



            <testcase
                name="validadeTwo"
                time="9,837"
                classname="endtoend.loggi.tests.Runner">
            </testcase>
            <testcase
                name="validadeThree"
                time="11,063"
                classname="endtoend.loggi.tests.Runner">
            </testcase>
            <testcase
                name="validadeOne"
                time="13,554"
                classname="endtoend.loggi.tests.Runner">
            </testcase>
</testsuite>
